[arch.dymix.us/index.html]
[backblue.gif]
[fade.gif]
[index.html]
[arch.dymix.us/libs/bootstrap-4.3.1/css/bootstrap.min.css]
[arch.dymix.us/libs/slick/slick.css]
[arch.dymix.us/libs/simpleLightbox/simplelightbox.min.css]
[arch.dymix.us/assets/fonts/NunitoSans/NunitoSans.css]
[arch.dymix.us/assets/fonts/icomoon/style.css]
[arch.dymix.us/assets/css/main.min.css]
[arch.dymix.us/favicon.png]
[arch.dymix.us/images/logo.svg]
[arch.dymix.us/index-2.html]
[arch.dymix.us/projects.html]
[arch.dymix.us/what-we-do.html]
[arch.dymix.us/about.html]
[arch.dymix.us/events.html]
[arch.dymix.us/career.html]
[arch.dymix.us/contact.html]
[arch.dymix.us/images/hero.jpg]
[arch.dymix.us/images/home_8.jpg]
[arch.dymix.us/images/event_2.jpg]
[arch.dymix.us/images/home_1.jpg]
[arch.dymix.us/project-single.html]
[arch.dymix.us/images/home_2.jpg]
[arch.dymix.us/images/home_3.jpg]
[arch.dymix.us/images/home_4.jpg]
[arch.dymix.us/images/home_5.jpg]
[arch.dymix.us/images/home_6.jpg]
[arch.dymix.us/images/home_7.jpg]
[arch.dymix.us/event-single.html]
[arch.dymix.us/images/logo-footer.svg]
[arch.dymix.us/libs/jquery/jquery-3.3.1.min.js]
[arch.dymix.us/libs/bootstrap-4.3.1/js/popper.min.js]
[arch.dymix.us/libs/bootstrap-4.3.1/js/bootstrap.min.js]
[arch.dymix.us/libs/greensock-js/TweenMax.min.js]
[arch.dymix.us/libs/scrollreveal/scrollreveal.min.js]
[arch.dymix.us/libs/slick/slick.min.js]
[arch.dymix.us/libs/simpleLightbox/simple-lightbox.min.js]
[arch.dymix.us/libs/isotope/imagesloaded.pkgd.min.js]
[arch.dymix.us/libs/isotope/isotope.min.js]
[arch.dymix.us/index.html]
[arch.dymix.us/libs/bootstrap-4.3.1/css/bootstrap.min.css]
[arch.dymix.us/libs/slick/slick.css]
[arch.dymix.us/libs/simpleLightbox/simplelightbox.min.css]
[arch.dymix.us/assets/js/common.min.js]
[arch.dymix.us/assets/fonts/NunitoSans/NunitoSans-ExtraLightItalic.ttf]
[arch.dymix.us/assets/fonts/NunitoSans/NunitoSans-LightItalic.ttf]
[arch.dymix.us/assets/fonts/NunitoSans/NunitoSans-Italic.ttf]
[arch.dymix.us/assets/fonts/NunitoSans/NunitoSans-SemiBoldItalic.ttf]
[arch.dymix.us/assets/fonts/NunitoSans/NunitoSans-BoldItalic.ttf]
[arch.dymix.us/assets/fonts/NunitoSans/NunitoSans-ExtraBoldItalic.ttf]
[arch.dymix.us/assets/fonts/NunitoSans/NunitoSans-BlackItalic.ttf]
[arch.dymix.us/assets/fonts/NunitoSans/NunitoSans-ExtraLight.ttf]
[arch.dymix.us/assets/fonts/NunitoSans/NunitoSans-Light.ttf]
[arch.dymix.us/assets/fonts/NunitoSans/NunitoSans-Regular.ttf]
[arch.dymix.us/assets/fonts/NunitoSans/NunitoSans-SemiBold.ttf]
[arch.dymix.us/assets/fonts/NunitoSans/NunitoSans-Bold.ttf]
[arch.dymix.us/assets/fonts/NunitoSans/NunitoSans-ExtraBold.ttf]
[arch.dymix.us/assets/fonts/NunitoSans/NunitoSans.css]
[arch.dymix.us/assets/fonts/NunitoSans/NunitoSans-Black.ttf]
[arch.dymix.us/assets/fonts/icomoon/fonts/icomoone583.eot]
[arch.dymix.us/assets/fonts/icomoon/fonts/icomoone583.ttf]
[arch.dymix.us/assets/fonts/icomoon/fonts/icomoone583.woff]
[arch.dymix.us/assets/fonts/icomoon/style.css]
[arch.dymix.us/assets/css/main.min.css]
[arch.dymix.us/index-2.html]
[arch.dymix.us/images/logo.svg]
[arch.dymix.us/assets/fonts/icomoon/fonts/icomoone583.svg]
[arch.dymix.us/images/project_1.jpg]
[arch.dymix.us/images/project_2.jpg]
[arch.dymix.us/images/projects-1-bg.jpg]
[arch.dymix.us/images/brand-1.png]
[arch.dymix.us/images/brand-2.png]
[arch.dymix.us/images/brand-3.png]
[arch.dymix.us/images/brand-4.png]
[arch.dymix.us/images/brand-5.png]
[arch.dymix.us/images/brand-6.png]
[arch.dymix.us/images/brand-7.png]
[arch.dymix.us/images/brand-8.png]
[arch.dymix.us/projects.html]
[arch.dymix.us/images/what_we_do_2.jpg]
[arch.dymix.us/images/what_we_do_3.jpg]
[arch.dymix.us/images/what_we_do_4.jpg]
[arch.dymix.us/images/what_we_do_icon_1.svg]
[arch.dymix.us/images/what_we_do_icon_2.svg]
[arch.dymix.us/images/what_we_do_icon_3.svg]
[arch.dymix.us/images/image_4.jpg]
[arch.dymix.us/images/image_2.jpg]
[arch.dymix.us/what-we-do.html]
[arch.dymix.us/images/team_1.jpg]
[arch.dymix.us/images/team_2.jpg]
[arch.dymix.us/images/team_3.jpg]
[arch.dymix.us/images/team_4.jpg]
[arch.dymix.us/images/team_5.jpg]
[arch.dymix.us/images/about_1.jpg]
[arch.dymix.us/images/about_2.jpg]
[arch.dymix.us/about.html]
[arch.dymix.us/images/event_1.jpg]
[arch.dymix.us/events.html]
[arch.dymix.us/career.html]
[arch.dymix.us/images/contact_1.jpg]
[arch.dymix.us/contact.html]
[arch.dymix.us/libs/jquery-validation/jquery.validate.min.js]
[arch.dymix.us/images/project-single-1.jpg]
[arch.dymix.us/images/project-single-2.jpg]
[arch.dymix.us/images/project-single-3.jpg]
[arch.dymix.us/images/project-single-4.jpg]
[arch.dymix.us/images/project-single-5.jpg]
[arch.dymix.us/images/project-single-6.jpg]
[arch.dymix.us/images/project-single-7.jpg]
[arch.dymix.us/images/project-single-8.jpg]
[arch.dymix.us/project-single.html]
[arch.dymix.us/images/event_3.jpg]
[arch.dymix.us/event-single.html]
[arch.dymix.us/images/logo-footer.svg]
[arch.dymix.us/assets/fonts/icomoon/fonts/icomoone583.svg]
[arch.dymix.us/images/what_we_do_icon_1.svg]
[arch.dymix.us/images/what_we_do_icon_2.svg]
[arch.dymix.us/images/what_we_do_icon_3.svg]
